Compiling the C compiler identification source file "CMakeCCompilerId.c" failed.
Compiler: C:/Program Files (x86)/Microsoft Visual Studio/2019/Enterprise/VC/Tools/MSVC/14.29.30133/bin/Hostx64/x64/cl.exe 
Build flags: 
Id flags:  

The output was:
2
Microsoft (R) C/C++ Optimizing Compiler Version 19.29.30133 for x64
Copyright (C) Microsoft Corporation.  All rights reserved.

CMakeCCompilerId.c
Microsoft (R) Incremental Linker Version 14.29.30133.0
Copyright (C) Microsoft Corporation.  All rights reserved.

/out:CMakeCCompilerId.exe 
CMakeCCompilerId.obj 
LINK : fatal error LNK1104: cannot open file 'kernel32.lib'


Compiling the CXX compiler identification source file "CMakeCXXCompilerId.cpp" failed.
Compiler: C:/Program Files (x86)/Microsoft Visual Studio/2019/Enterprise/VC/Tools/MSVC/14.29.30133/bin/Hostx64/x64/cl.exe 
Build flags: 
Id flags:  

The output was:
2
Microsoft (R) C/C++ Optimizing Compiler Version 19.29.30133 for x64
Copyright (C) Microsoft Corporation.  All rights reserved.

CMakeCXXCompilerId.cpp
Microsoft (R) Incremental Linker Version 14.29.30133.0
Copyright (C) Microsoft Corporation.  All rights reserved.

/out:CMakeCXXCompilerId.exe 
CMakeCXXCompilerId.obj 
LINK : fatal error LNK1104: cannot open file 'kernel32.lib'


Detecting C compiler ABI info failed to compile with the following output:
Change Dir: S:/Source/RaspberryRGB/src/workbench/out/build/x64-Debug/CMakeFiles/CMakeTmp

Run Build Command(s):C:/Program Files (x86)/Microsoft Visual Studio/2019/Enterprise/Common7/IDE/CommonExtensions/Microsoft/CMake/Ninja/ninja.exe cmTC_1281e && [1/2] Building C object CMakeFiles\cmTC_1281e.dir\CMakeCCompilerABI.c.obj
[2/2] Linking C executable cmTC_1281e.exe
FAILED: cmTC_1281e.exe 
cmd.exe /C "cd . && "C:\Program Files (x86)\Microsoft Visual Studio\2019\Enterprise\Common7\IDE\CommonExtensions\Microsoft\CMake\CMake\bin\cmake.exe" -E vs_link_exe --intdir=CMakeFiles\cmTC_1281e.dir --rc=rc --mt=CMAKE_MT-NOTFOUND --manifests  -- C:\PROGRA~2\MICROS~3\2019\ENTERP~1\VC\Tools\MSVC\1429~1.301\bin\Hostx64\x64\link.exe /nologo CMakeFiles\cmTC_1281e.dir\CMakeCCompilerABI.c.obj  /out:cmTC_1281e.exe /implib:cmTC_1281e.lib /pdb:cmTC_1281e.pdb /version:0.0 /machine:x64  /debug /INCREMENTAL /subsystem:console  kernel32.lib user32.lib gdi32.lib winspool.lib shell32.lib ole32.lib oleaut32.lib uuid.lib comdlg32.lib advapi32.lib && cmd.exe /C "cd /D S:\Source\RaspberryRGB\src\workbench\out\build\x64-Debug\CMakeFiles\CMakeTmp && "C:\Program Files\PowerShell\7\pwsh.exe" -noprofile -executionpolicy Bypass -file C:/Users/ericc/source/Microsoft/vcpkg/scripts/buildsystems/msbuild/applocal.ps1 -targetBinary S:/Source/RaspberryRGB/src/workbench/out/build/x64-Debug/CMakeFiles/CMakeTmp/cmTC_1281e.exe -installedDir C:/Users/ericc/source/Microsoft/vcpkg/installed/x64-windows/debug/bin -OutVariable out""
RC Pass 1: command "rc /fo CMakeFiles\cmTC_1281e.dir/manifest.res CMakeFiles\cmTC_1281e.dir/manifest.rc" failed (exit code 0) with the following output:
The system cannot find the file specified
ninja: build stopped: subcommand failed.




Determining if the C compiler works failed with the following output:
Change Dir: S:/Source/RaspberryRGB/src/workbench/out/build/x64-Debug/CMakeFiles/CMakeTmp

Run Build Command(s):C:/Program Files (x86)/Microsoft Visual Studio/2019/Enterprise/Common7/IDE/CommonExtensions/Microsoft/CMake/Ninja/ninja.exe cmTC_cff73 && [1/2] Building C object CMakeFiles\cmTC_cff73.dir\testCCompiler.c.obj
[2/2] Linking C executable cmTC_cff73.exe
FAILED: cmTC_cff73.exe 
cmd.exe /C "cd . && "C:\Program Files (x86)\Microsoft Visual Studio\2019\Enterprise\Common7\IDE\CommonExtensions\Microsoft\CMake\CMake\bin\cmake.exe" -E vs_link_exe --intdir=CMakeFiles\cmTC_cff73.dir --rc=rc --mt=CMAKE_MT-NOTFOUND --manifests  -- C:\PROGRA~2\MICROS~3\2019\ENTERP~1\VC\Tools\MSVC\1429~1.301\bin\Hostx64\x64\link.exe /nologo CMakeFiles\cmTC_cff73.dir\testCCompiler.c.obj  /out:cmTC_cff73.exe /implib:cmTC_cff73.lib /pdb:cmTC_cff73.pdb /version:0.0 /machine:x64  /debug /INCREMENTAL /subsystem:console  kernel32.lib user32.lib gdi32.lib winspool.lib shell32.lib ole32.lib oleaut32.lib uuid.lib comdlg32.lib advapi32.lib && cmd.exe /C "cd /D S:\Source\RaspberryRGB\src\workbench\out\build\x64-Debug\CMakeFiles\CMakeTmp && "C:\Program Files\PowerShell\7\pwsh.exe" -noprofile -executionpolicy Bypass -file C:/Users/ericc/source/Microsoft/vcpkg/scripts/buildsystems/msbuild/applocal.ps1 -targetBinary S:/Source/RaspberryRGB/src/workbench/out/build/x64-Debug/CMakeFiles/CMakeTmp/cmTC_cff73.exe -installedDir C:/Users/ericc/source/Microsoft/vcpkg/installed/x64-windows/debug/bin -OutVariable out""
RC Pass 1: command "rc /fo CMakeFiles\cmTC_cff73.dir/manifest.res CMakeFiles\cmTC_cff73.dir/manifest.rc" failed (exit code 0) with the following output:
The system cannot find the file specified
ninja: build stopped: subcommand failed.



Compiling the C compiler identification source file "CMakeCCompilerId.c" failed.
Compiler: C:/Program Files (x86)/Microsoft Visual Studio/2019/Enterprise/VC/Tools/MSVC/14.29.30133/bin/Hostx64/x64/cl.exe 
Build flags: /DWIN32;/D_WINDOWS;/W3
Id flags:  

The output was:
2
Microsoft (R) C/C++ Optimizing Compiler Version 19.29.30133 for x64
Copyright (C) Microsoft Corporation.  All rights reserved.

CMakeCCompilerId.c
Microsoft (R) Incremental Linker Version 14.29.30133.0
Copyright (C) Microsoft Corporation.  All rights reserved.

/out:CMakeCCompilerId.exe 
CMakeCCompilerId.obj 
LINK : fatal error LNK1104: cannot open file 'kernel32.lib'


Compiling the CXX compiler identification source file "CMakeCXXCompilerId.cpp" failed.
Compiler: C:/Program Files (x86)/Microsoft Visual Studio/2019/Enterprise/VC/Tools/MSVC/14.29.30133/bin/Hostx64/x64/cl.exe 
Build flags: 
Id flags:  

The output was:
2
Microsoft (R) C/C++ Optimizing Compiler Version 19.29.30133 for x64
Copyright (C) Microsoft Corporation.  All rights reserved.

CMakeCXXCompilerId.cpp
Microsoft (R) Incremental Linker Version 14.29.30133.0
Copyright (C) Microsoft Corporation.  All rights reserved.

/out:CMakeCXXCompilerId.exe 
CMakeCXXCompilerId.obj 
LINK : fatal error LNK1104: cannot open file 'kernel32.lib'


Detecting C compiler ABI info failed to compile with the following output:
Change Dir: S:/Source/RaspberryRGB/src/workbench/out/build/x64-Debug/CMakeFiles/CMakeTmp

Run Build Command(s):C:/Program Files (x86)/Microsoft Visual Studio/2019/Enterprise/Common7/IDE/CommonExtensions/Microsoft/CMake/Ninja/ninja.exe cmTC_b23de && [1/2] Building C object CMakeFiles\cmTC_b23de.dir\CMakeCCompilerABI.c.obj
[2/2] Linking C executable cmTC_b23de.exe
FAILED: cmTC_b23de.exe 
cmd.exe /C "cd . && "C:\Program Files (x86)\Microsoft Visual Studio\2019\Enterprise\Common7\IDE\CommonExtensions\Microsoft\CMake\CMake\bin\cmake.exe" -E vs_link_exe --intdir=CMakeFiles\cmTC_b23de.dir --rc=rc --mt=CMAKE_MT-NOTFOUND --manifests  -- C:\PROGRA~2\MICROS~3\2019\ENTERP~1\VC\Tools\MSVC\1429~1.301\bin\Hostx64\x64\link.exe /nologo CMakeFiles\cmTC_b23de.dir\CMakeCCompilerABI.c.obj  /out:cmTC_b23de.exe /implib:cmTC_b23de.lib /pdb:cmTC_b23de.pdb /version:0.0 /machine:x64  /debug /INCREMENTAL /subsystem:console  kernel32.lib user32.lib gdi32.lib winspool.lib shell32.lib ole32.lib oleaut32.lib uuid.lib comdlg32.lib advapi32.lib && cmd.exe /C "cd /D S:\Source\RaspberryRGB\src\workbench\out\build\x64-Debug\CMakeFiles\CMakeTmp && "C:\Program Files\PowerShell\7\pwsh.exe" -noprofile -executionpolicy Bypass -file C:/Users/ericc/source/Microsoft/vcpkg/scripts/buildsystems/msbuild/applocal.ps1 -targetBinary S:/Source/RaspberryRGB/src/workbench/out/build/x64-Debug/CMakeFiles/CMakeTmp/cmTC_b23de.exe -installedDir C:/Users/ericc/source/Microsoft/vcpkg/installed/x64-windows/debug/bin -OutVariable out""
RC Pass 1: command "rc /fo CMakeFiles\cmTC_b23de.dir/manifest.res CMakeFiles\cmTC_b23de.dir/manifest.rc" failed (exit code 0) with the following output:
The system cannot find the file specified
ninja: build stopped: subcommand failed.




Determining if the C compiler works failed with the following output:
Change Dir: S:/Source/RaspberryRGB/src/workbench/out/build/x64-Debug/CMakeFiles/CMakeTmp

Run Build Command(s):C:/Program Files (x86)/Microsoft Visual Studio/2019/Enterprise/Common7/IDE/CommonExtensions/Microsoft/CMake/Ninja/ninja.exe cmTC_c3022 && [1/2] Building C object CMakeFiles\cmTC_c3022.dir\testCCompiler.c.obj
[2/2] Linking C executable cmTC_c3022.exe
FAILED: cmTC_c3022.exe 
cmd.exe /C "cd . && "C:\Program Files (x86)\Microsoft Visual Studio\2019\Enterprise\Common7\IDE\CommonExtensions\Microsoft\CMake\CMake\bin\cmake.exe" -E vs_link_exe --intdir=CMakeFiles\cmTC_c3022.dir --rc=rc --mt=CMAKE_MT-NOTFOUND --manifests  -- C:\PROGRA~2\MICROS~3\2019\ENTERP~1\VC\Tools\MSVC\1429~1.301\bin\Hostx64\x64\link.exe /nologo CMakeFiles\cmTC_c3022.dir\testCCompiler.c.obj  /out:cmTC_c3022.exe /implib:cmTC_c3022.lib /pdb:cmTC_c3022.pdb /version:0.0 /machine:x64  /debug /INCREMENTAL /subsystem:console  kernel32.lib user32.lib gdi32.lib winspool.lib shell32.lib ole32.lib oleaut32.lib uuid.lib comdlg32.lib advapi32.lib && cmd.exe /C "cd /D S:\Source\RaspberryRGB\src\workbench\out\build\x64-Debug\CMakeFiles\CMakeTmp && "C:\Program Files\PowerShell\7\pwsh.exe" -noprofile -executionpolicy Bypass -file C:/Users/ericc/source/Microsoft/vcpkg/scripts/buildsystems/msbuild/applocal.ps1 -targetBinary S:/Source/RaspberryRGB/src/workbench/out/build/x64-Debug/CMakeFiles/CMakeTmp/cmTC_c3022.exe -installedDir C:/Users/ericc/source/Microsoft/vcpkg/installed/x64-windows/debug/bin -OutVariable out""
RC Pass 1: command "rc /fo CMakeFiles\cmTC_c3022.dir/manifest.res CMakeFiles\cmTC_c3022.dir/manifest.rc" failed (exit code 0) with the following output:
The system cannot find the file specified
ninja: build stopped: subcommand failed.



